<?xml version="1.0" encoding="UTF-8"?>
<!-- Generated by org.testng.reporters.JUnitReportReporter -->
<testsuite skipped="0" hostname="LAPTOP-1LBI9VRD" name="Test.SeleniumTest" tests="1" failures="0" timestamp="20 May 2019 02:14:13 GMT" time="6.274" errors="0">
  <testcase name="SampleTest" time="6.274" classname="Test.SeleniumTest"/>
</testsuite> <!-- Test.SeleniumTest -->
